Mono path[0] = 'C:/Users/kryst/JohnsonLab/FetchGamePhysics/FetchArenaProject/Builds/MemoryTesT/rig_room_Data/Managed'
Mono config path = 'C:/Users/kryst/JohnsonLab/FetchGamePhysics/FetchArenaProject/Builds/MemoryTesT/MonoBleedingEdge/etc'
Initialize engine version: 2020.3.23f1 (c5d91304a876)
[Subsystems] Discovering subsystems at path C:/Users/kryst/JohnsonLab/FetchGamePhysics/FetchArenaProject/Builds/MemoryTesT/rig_room_Data/UnitySubsystems
GfxDevice: creating device client; threaded=1
Direct3D:
    Version:  Direct3D 11.0 [level 11.1]
    Renderer: NVIDIA GeForce RTX 3080 Ti (ID=0x2208)
    Vendor:   
    VRAM:     12108 MB
    Driver:   30.0.15.1277
Begin MonoManager ReloadAssembly
- Completed reload, in  0.066 seconds
<RI> Initializing input.
<RI> Input initialized.
<RI> Initialized touch support.
UnloadTime: 0.614800 ms
Fallback handler could not load library C:/Users/kryst/JohnsonLab/FetchGamePhysics/FetchArenaProject/Builds/MemoryTesT/rig_room_Data/Mono/libcoreclr.so
Fallback handler could not load library C:/Users/kryst/JohnsonLab/FetchGamePhysics/FetchArenaProject/Builds/MemoryTesT/rig_room_Data/Mono/libcoreclr.so.dll
Fallback handler could not load library C:/Users/kryst/JohnsonLab/FetchGamePhysics/FetchArenaProject/Builds/MemoryTesT/rig_room_Data/Mono/libcoreclr.so
Fallback handler could not load library C:/Users/kryst/JohnsonLab/FetchGamePhysics/FetchArenaProject/Builds/MemoryTesT/rig_room_Data/Mono/libdl.so
Fallback handler could not load library C:/Users/kryst/JohnsonLab/FetchGamePhysics/FetchArenaProject/Builds/MemoryTesT/rig_room_Data/Mono/libdl.so.dll
Fallback handler could not load library C:/Users/kryst/JohnsonLab/FetchGamePhysics/FetchArenaProject/Builds/MemoryTesT/rig_room_Data/Mono/libdl.so
Fallback handler could not load library C:/Users/kryst/JohnsonLab/FetchGamePhysics/FetchArenaProject/Builds/MemoryTesT/rig_room_Data/Mono/libSystem.dylib
Fallback handler could not load library C:/Users/kryst/JohnsonLab/FetchGamePhysics/FetchArenaProject/Builds/MemoryTesT/rig_room_Data/Mono/libSystem.dylib.dll
Fallback handler could not load library C:/Users/kryst/JohnsonLab/FetchGamePhysics/FetchArenaProject/Builds/MemoryTesT/rig_room_Data/Mono/libSystem.dylib
Fallback handler could not load library C:/Users/kryst/JohnsonLab/FetchGamePhysics/FetchArenaProject/Builds/MemoryTesT/rig_room_Data/Mono/libcoreclr.so
Fallback handler could not load library C:/Users/kryst/JohnsonLab/FetchGamePhysics/FetchArenaProject/Builds/MemoryTesT/rig_room_Data/Mono/libcoreclr.so.dll
Fallback handler could not load library C:/Users/kryst/JohnsonLab/FetchGamePhysics/FetchArenaProject/Builds/MemoryTesT/rig_room_Data/Mono/libcoreclr.so
Fallback handler could not load library C:/Users/kryst/JohnsonLab/FetchGamePhysics/FetchArenaProject/Builds/MemoryTesT/rig_room_Data/Mono/libdl.so
Fallback handler could not load library C:/Users/kryst/JohnsonLab/FetchGamePhysics/FetchArenaProject/Builds/MemoryTesT/rig_room_Data/Mono/libdl.so.dll
Fallback handler could not load library C:/Users/kryst/JohnsonLab/FetchGamePhysics/FetchArenaProject/Builds/MemoryTesT/rig_room_Data/Mono/libdl.so
Fallback handler could not load library C:/Users/kryst/JohnsonLab/FetchGamePhysics/FetchArenaProject/Builds/MemoryTesT/rig_room_Data/Mono/libSystem.dylib
Fallback handler could not load library C:/Users/kryst/JohnsonLab/FetchGamePhysics/FetchArenaProject/Builds/MemoryTesT/rig_room_Data/Mono/libSystem.dylib.dll
Fallback handler could not load library C:/Users/kryst/JohnsonLab/FetchGamePhysics/FetchArenaProject/Builds/MemoryTesT/rig_room_Data/Mono/libSystem.dylib
FetchAgent.Initialize
TrainingArena FetchAgent.Start
FetchAgent.OnEpisodeBegin
TrainingArena distance 0.7343805 is within ball_fetched_threshold distance 0.7397976
FetchAgent.OnEpisodeBegin
TrainingArena distance 0.7395068 is within ball_fetched_threshold distance 0.7397976
FetchAgent.OnEpisodeBegin
TrainingArena distance 0.7392113 is within ball_fetched_threshold distance 0.7397976
FetchAgent.OnEpisodeBegin
TrainingArena distance 0.7369046 is within ball_fetched_threshold distance 0.7397976
FetchAgent.OnEpisodeBegin
TrainingArena distance 0.7376067 is within ball_fetched_threshold distance 0.7397976
FetchAgent.OnEpisodeBegin
TrainingArena distance 0.7381312 is within ball_fetched_threshold distance 0.7397976
FetchAgent.OnEpisodeBegin
TrainingArena distance 0.7373255 is within ball_fetched_threshold distance 0.7397976
FetchAgent.OnEpisodeBegin
Setting up 8 worker threads for Enlighten.
  Thread -> id: 42c0 -> priority: 1 
  Thread -> id: 4f5c -> priority: 1 
  Thread -> id: bbd8 -> priority: 1 
  Thread -> id: 4acc -> priority: 1 
  Thread -> id: 7fe8 -> priority: 1 
  Thread -> id: 7ff8 -> priority: 1 
  Thread -> id: 59a8 -> priority: 1 
  Thread -> id: ae3c -> priority: 1 
